[ 2025-09-24 03:36:27,859 ]  17 root - INFO - Initiate Data Ingestion Config
[ 2025-09-24 03:36:27,972 ]  41 root - INFO - Data loaded successfully from table: NetworkData
[ 2025-09-24 03:36:28,026 ]  64 root - INFO - Performed train test split on the dataframe
[ 2025-09-24 03:36:28,027 ]  65 root - INFO - Exited split_data_as_train_test method of Data_Ingestion class
[ 2025-09-24 03:36:28,027 ]  72 root - INFO - Exporting train and test file path.
[ 2025-09-24 03:36:28,067 ]  82 root - INFO - Exported train and test file path.
[ 2025-09-24 03:36:28,067 ]  22 root - INFO - Data Ingestion Completed
[ 2025-09-24 03:36:28,073 ]  27 root - INFO - Initiate Data Validation Config
[ 2025-09-24 03:36:28,113 ]  35 root - INFO - Required number of columns: 31
[ 2025-09-24 03:36:28,114 ]  36 root - INFO - Dataframe has columns: ['having_IP_Address', 'URL_Length', 'Shortining_Service', 'having_At_Symbol', 'double_slash_redirecting', 'Prefix_Suffix', 'having_Sub_Domain', 'SSLfinal_State', 'Domain_registeration_length', 'Favicon', 'port', 'HTTPS_token', 'Request_URL', 'URL_of_Anchor', 'Links_in_tags', 'SFH', 'Submitting_to_email', 'Abnormal_URL', 'Redirect', 'on_mouseover', 'RightClick', 'popUpWidnow', 'Iframe', 'age_of_domain', 'DNSRecord', 'web_traffic', 'Page_Rank', 'Google_Index', 'Links_pointing_to_page', 'Statistical_report', 'Result']
[ 2025-09-24 03:36:28,114 ]  35 root - INFO - Required number of columns: 31
[ 2025-09-24 03:36:28,114 ]  36 root - INFO - Dataframe has columns: ['having_IP_Address', 'URL_Length', 'Shortining_Service', 'having_At_Symbol', 'double_slash_redirecting', 'Prefix_Suffix', 'having_Sub_Domain', 'SSLfinal_State', 'Domain_registeration_length', 'Favicon', 'port', 'HTTPS_token', 'Request_URL', 'URL_of_Anchor', 'Links_in_tags', 'SFH', 'Submitting_to_email', 'Abnormal_URL', 'Redirect', 'on_mouseover', 'RightClick', 'popUpWidnow', 'Iframe', 'age_of_domain', 'DNSRecord', 'web_traffic', 'Page_Rank', 'Google_Index', 'Links_pointing_to_page', 'Statistical_report', 'Result']
[ 2025-09-24 03:36:28,328 ]  137 root - INFO - Data validation artifact: DataValidationArtifact(validation_status=True, valid_train_file_path='Artifacts\\09_24_2025_03_36_26\\data_validation\\validated\\train.csv', valid_test_file_path='Artifacts\\09_24_2025_03_36_26\\data_validation\\validated\\test.csv', invalid_train_file_path='Artifacts\\09_24_2025_03_36_26\\data_validation\\invalid\\train.csv', invalid_test_file_path='Artifacts\\09_24_2025_03_36_26\\data_validation\\invalid\\test.csv', drift_report_file_path='Artifacts\\09_24_2025_03_36_26\\data_validation\\drift_report\\report.yaml')
[ 2025-09-24 03:36:28,329 ]  29 root - INFO - Data Validation Completed
[ 2025-09-24 03:36:28,329 ]  34 root - INFO - Initiate Data Transformation Config
[ 2025-09-24 03:36:28,329 ]  50 root - INFO - Initiating data transformation.
[ 2025-09-24 03:36:28,367 ]  53 root - INFO - Obtaining preprocessing object.
[ 2025-09-24 03:36:28,369 ]  66 root - INFO - Obtaining preprocessing object.
[ 2025-09-24 03:36:28,369 ]  36 root - INFO - Creating data transformer object.
[ 2025-09-24 03:36:28,369 ]  43 root - INFO - Data transformer object created successfully.
[ 2025-09-24 03:36:28,376 ]  33 root - INFO - Saving numpy array data to file: Artifacts\09_24_2025_03_36_26\data_transformation\transformed\train.npy
[ 2025-09-24 03:36:28,379 ]  38 root - INFO - Saved numpy array data to file: Artifacts\09_24_2025_03_36_26\data_transformation\transformed\train.npy
[ 2025-09-24 03:36:28,379 ]  33 root - INFO - Saving numpy array data to file: Artifacts\09_24_2025_03_36_26\data_transformation\transformed\test.npy
[ 2025-09-24 03:36:28,381 ]  38 root - INFO - Saved numpy array data to file: Artifacts\09_24_2025_03_36_26\data_transformation\transformed\test.npy
[ 2025-09-24 03:36:28,381 ]  45 root - INFO - Saving object to file: Artifacts\09_24_2025_03_36_26\data_transformation\transformed_object\preprocessing.pkl
[ 2025-09-24 03:36:28,383 ]  50 root - INFO - Saved object to file: Artifacts\09_24_2025_03_36_26\data_transformation\transformed_object\preprocessing.pkl
[ 2025-09-24 03:36:28,384 ]  36 root - INFO - Data Transformation Completed
[ 2025-09-24 03:36:28,384 ]  39 root - INFO - ModelTraining Started
[ 2025-09-24 03:36:28,384 ]  140 root - INFO - Loading transformed training dataset
[ 2025-09-24 03:36:28,397 ]  148 root - INFO - Splitting input and target feature from both train and test arr
